<?xml version="1.0" encoding="UTF-8"?>
<!-- Generated by org.testng.reporters.JUnitReportReporter -->
<testsuite hostname="DESKTOP-CD1GP2R" failures="0" tests="1" name="com.sdet.testcases.TC_LoginBank_001" time="14.850" errors="0" timestamp="2022-03-23T23:28:18 IST" skipped="0">
  <testcase classname="com.sdet.testcases.TC_LoginBank_001" name="loginBankScreen" time="14.850"/>
  <system-out/>
</testsuite> <!-- com.sdet.testcases.TC_LoginBank_001 -->
