<?xml version="1.0" encoding="UTF-8"?>
<!-- Generated by org.testng.reporters.JUnitReportReporter -->
<testsuite hostname="DESKTOP-CD1GP2R" failures="0" tests="3" name="com.sdet.testcases.TC_Login_002" time="26.298" errors="0" timestamp="2022-03-18T07:23:27 IST" skipped="0">
  <testcase classname="com.sdet.testcases.TC_Login_002" name="loginWithDifferentValues" time="10.712"/>
  <system-out/>
  <testcase classname="com.sdet.testcases.TC_Login_002" name="loginWithDifferentValues" time="8.379"/>
  <system-out/>
  <testcase classname="com.sdet.testcases.TC_Login_002" name="loginWithDifferentValues" time="7.207"/>
  <system-out/>
</testsuite> <!-- com.sdet.testcases.TC_Login_002 -->
