<?xml version="1.0" encoding="UTF-8"?>
<!-- Generated by org.testng.reporters.JUnitReportReporter -->
<testsuite hostname="DESKTOP-CD1GP2R" failures="0" tests="1" name="com.sdet.testcases.TC_Login_001" time="9.831" errors="0" timestamp="2022-03-17T07:59:14 IST" skipped="0">
  <testcase classname="com.sdet.testcases.TC_Login_001" name="loginTest" time="9.831"/>
  <system-out/>
</testsuite> <!-- com.sdet.testcases.TC_Login_001 -->
